Added Component: Designator=C1(DIP-EC1.5X4X8)
Added Component: Designator=C2(RAD-0.3)
Added Component: Designator=D1(LED5-BLUE)
Added Component: Designator=J1(Pin HDR1X2/2.54mm-S)
Added Component: Designator=K1(DIP-3X6X4.3)
Added Component: Designator=R1(AXIAL0.4)
Added Component: Designator=R2(AXIAL0.4)
Added Component: Designator=R3(AXIAL0.4)
Added Component: Designator=R4(AXIAL0.4)
Added Component: Designator=R5(AXIAL0.4)
Added Component: Designator=R6(AXIAL0.4)
Added Component: Designator=R7(AXIAL0.4)
Added Component: Designator=S1(Pin HDR1X3/2.54mm-S)
Added Component: Designator=SEG1(0.56IN-1P)
Added Component: Designator=SEG2(0.56IN-1P)
Added Component: Designator=U1(DIP-16)
Added Component: Designator=U2(DIP-16)
Added Component: Designator=U3(DIP-16)
Added Component: Designator=U4(SOP8)
Added Component: Designator=U5(DIP-14)
Added Pin To Net: NetName=GND Pin=C1-2
Added Pin To Net: NetName=GND Pin=C2-2
Added Pin To Net: NetName=GND Pin=D1-K
Added Pin To Net: NetName=GND Pin=J1-1
Added Pin To Net: NetName=GND Pin=R1-2
Added Pin To Net: NetName=GND Pin=R2-2
Added Pin To Net: NetName=GND Pin=R3-1
Added Pin To Net: NetName=GND Pin=R4-1
Added Pin To Net: NetName=GND Pin=U1-5
Added Pin To Net: NetName=GND Pin=U1-8
Added Pin To Net: NetName=GND Pin=U2-5
Added Pin To Net: NetName=GND Pin=U2-8
Added Pin To Net: NetName=GND Pin=U3-1
Added Pin To Net: NetName=GND Pin=U3-8
Added Pin To Net: NetName=GND Pin=U4-1
Added Pin To Net: NetName=GND Pin=U5-7
Added Net: Name=GND
Added Pin To Net: NetName=NetC1_1 Pin=C1-1
Added Pin To Net: NetName=NetC1_1 Pin=R6-1
Added Pin To Net: NetName=NetC1_1 Pin=U4-2
Added Pin To Net: NetName=NetC1_1 Pin=U4-6
Added Net: Name=NetC1_1
Added Pin To Net: NetName=NetC2_1 Pin=C2-1
Added Pin To Net: NetName=NetC2_1 Pin=U4-5
Added Net: Name=NetC2_1
Added Pin To Net: NetName=NetD1_A Pin=D1-A
Added Pin To Net: NetName=NetD1_A Pin=R7-1
Added Net: Name=NetD1_A
Added Pin To Net: NetName=NetK1_3 Pin=K1-3
Added Pin To Net: NetName=NetK1_3 Pin=R3-2
Added Pin To Net: NetName=NetK1_3 Pin=U3-7
Added Pin To Net: NetName=NetK1_3 Pin=U3-15
Added Net: Name=NetK1_3
Added Pin To Net: NetName=NetR1_1 Pin=R1-1
Added Pin To Net: NetName=NetR1_1 Pin=SEG1-3
Added Pin To Net: NetName=NetR1_1 Pin=SEG1-8
Added Net: Name=NetR1_1
Added Pin To Net: NetName=NetR2_1 Pin=R2-1
Added Pin To Net: NetName=NetR2_1 Pin=SEG2-3
Added Pin To Net: NetName=NetR2_1 Pin=SEG2-8
Added Net: Name=NetR2_1
Added Pin To Net: NetName=NetR4_2 Pin=R4-2
Added Pin To Net: NetName=NetR4_2 Pin=S1-2
Added Pin To Net: NetName=NetR4_2 Pin=U3-10
Added Net: Name=NetR4_2
Added Pin To Net: NetName=NetR5_1 Pin=R5-1
Added Pin To Net: NetName=NetR5_1 Pin=R6-2
Added Pin To Net: NetName=NetR5_1 Pin=U4-7
Added Net: Name=NetR5_1
Added Pin To Net: NetName=NetR7_2 Pin=R7-2
Added Pin To Net: NetName=NetR7_2 Pin=U3-9
Added Pin To Net: NetName=NetR7_2 Pin=U4-3
Added Net: Name=NetR7_2
Added Pin To Net: NetName=NetS1_1 Pin=S1-1
Added Pin To Net: NetName=NetS1_1 Pin=U5-4
Added Net: Name=NetS1_1
Added Pin To Net: NetName=NetS1_3 Pin=S1-3
Added Pin To Net: NetName=NetS1_3 Pin=U5-3
Added Net: Name=NetS1_3
Added Pin To Net: NetName=NetSEG1_1 Pin=SEG1-1
Added Pin To Net: NetName=NetSEG1_1 Pin=U1-9
Added Net: Name=NetSEG1_1
Added Pin To Net: NetName=NetSEG1_2 Pin=SEG1-2
Added Pin To Net: NetName=NetSEG1_2 Pin=U1-10
Added Net: Name=NetSEG1_2
Added Pin To Net: NetName=NetSEG1_4 Pin=SEG1-4
Added Pin To Net: NetName=NetSEG1_4 Pin=U1-11
Added Net: Name=NetSEG1_4
Added Pin To Net: NetName=NetSEG1_6 Pin=SEG1-6
Added Pin To Net: NetName=NetSEG1_6 Pin=U1-12
Added Net: Name=NetSEG1_6
Added Pin To Net: NetName=NetSEG1_7 Pin=SEG1-7
Added Pin To Net: NetName=NetSEG1_7 Pin=U1-13
Added Net: Name=NetSEG1_7
Added Pin To Net: NetName=NetSEG1_9 Pin=SEG1-9
Added Pin To Net: NetName=NetSEG1_9 Pin=U1-15
Added Net: Name=NetSEG1_9
Added Pin To Net: NetName=NetSEG1_10 Pin=SEG1-10
Added Pin To Net: NetName=NetSEG1_10 Pin=U1-14
Added Net: Name=NetSEG1_10
Added Pin To Net: NetName=NetSEG2_1 Pin=SEG2-1
Added Pin To Net: NetName=NetSEG2_1 Pin=U2-9
Added Net: Name=NetSEG2_1
Added Pin To Net: NetName=NetSEG2_2 Pin=SEG2-2
Added Pin To Net: NetName=NetSEG2_2 Pin=U2-10
Added Net: Name=NetSEG2_2
Added Pin To Net: NetName=NetSEG2_4 Pin=SEG2-4
Added Pin To Net: NetName=NetSEG2_4 Pin=U2-11
Added Net: Name=NetSEG2_4
Added Pin To Net: NetName=NetSEG2_6 Pin=SEG2-6
Added Pin To Net: NetName=NetSEG2_6 Pin=U2-12
Added Net: Name=NetSEG2_6
Added Pin To Net: NetName=NetSEG2_7 Pin=SEG2-7
Added Pin To Net: NetName=NetSEG2_7 Pin=U2-13
Added Net: Name=NetSEG2_7
Added Pin To Net: NetName=NetSEG2_9 Pin=SEG2-9
Added Pin To Net: NetName=NetSEG2_9 Pin=U2-15
Added Net: Name=NetSEG2_9
Added Pin To Net: NetName=NetSEG2_10 Pin=SEG2-10
Added Pin To Net: NetName=NetSEG2_10 Pin=U2-14
Added Net: Name=NetSEG2_10
Added Pin To Net: NetName=NetU1_1 Pin=U1-1
Added Pin To Net: NetName=NetU1_1 Pin=U3-4
Added Pin To Net: NetName=NetU1_1 Pin=U5-2
Added Pin To Net: NetName=NetU1_1 Pin=U5-5
Added Net: Name=NetU1_1
Added Pin To Net: NetName=NetU1_2 Pin=U1-2
Added Pin To Net: NetName=NetU1_2 Pin=U3-5
Added Pin To Net: NetName=NetU1_2 Pin=U5-6
Added Net: Name=NetU1_2
Added Pin To Net: NetName=NetU1_6 Pin=U1-6
Added Pin To Net: NetName=NetU1_6 Pin=U3-6
Added Net: Name=NetU1_6
Added Pin To Net: NetName=NetU1_7 Pin=U1-7
Added Pin To Net: NetName=NetU1_7 Pin=U3-3
Added Pin To Net: NetName=NetU1_7 Pin=U5-1
Added Net: Name=NetU1_7
Added Pin To Net: NetName=NetU2_1 Pin=U2-1
Added Pin To Net: NetName=NetU2_1 Pin=U3-12
Added Net: Name=NetU2_1
Added Pin To Net: NetName=NetU2_2 Pin=U2-2
Added Pin To Net: NetName=NetU2_2 Pin=U3-13
Added Net: Name=NetU2_2
Added Pin To Net: NetName=NetU2_6 Pin=U2-6
Added Pin To Net: NetName=NetU2_6 Pin=U3-2
Added Pin To Net: NetName=NetU2_6 Pin=U3-14
Added Net: Name=NetU2_6
Added Pin To Net: NetName=NetU2_7 Pin=U2-7
Added Pin To Net: NetName=NetU2_7 Pin=U3-11
Added Net: Name=NetU2_7
Added Pin To Net: NetName=VCC Pin=J1-2
Added Pin To Net: NetName=VCC Pin=K1-1
Added Pin To Net: NetName=VCC Pin=R5-2
Added Pin To Net: NetName=VCC Pin=U1-3
Added Pin To Net: NetName=VCC Pin=U1-4
Added Pin To Net: NetName=VCC Pin=U1-16
Added Pin To Net: NetName=VCC Pin=U2-3
Added Pin To Net: NetName=VCC Pin=U2-4
Added Pin To Net: NetName=VCC Pin=U2-16
Added Pin To Net: NetName=VCC Pin=U3-16
Added Pin To Net: NetName=VCC Pin=U4-4
Added Pin To Net: NetName=VCC Pin=U4-8
Added Net: Name=VCC
Added Pin To Net: NetName=VDD Pin=U5-14
Added Net: Name=VDD
Added Class: Name=30s-60s计时器
Added Room: Name=30s-60s计时器
